Starting a Gradle Daemon, 1 busy and 1 incompatible Daemons could not be reused, use --status for details
> Task :compileJava UP-TO-DATE
> Task :processResources UP-TO-DATE
> Task :classes UP-TO-DATE
> Task :resolveMainClassName UP-TO-DATE

> Task :bootRun

  .   ____          _            __ _ _
 /\\ / ___'_ __ _ _(_)_ __  __ _ \ \ \ \
( ( )\___ | '_ | '_| | '_ \/ _` | \ \ \ \
 \\/  ___)| |_)| | | | | || (_| |  ) ) ) )
  '  |____| .__|_| |_|_| |_\__, | / / / /
 =========|_|==============|___/=/_/_/_/

 :: Spring Boot ::                (v3.5.4)

2025-08-02T10:15:51.755+09:00  INFO 41783 --- [spring-mybatis] [           main] p.s.SpringMybatisApplication             : Starting SpringMybatisApplication using Java 24.0.1 with PID 41783 (/Users/hyundoopark/Documents/dev/spring-mybatis/build/classes/java/main started by hyundoopark in /Users/hyundoopark/Documents/dev/spring-mybatis)
2025-08-02T10:15:51.756+09:00  INFO 41783 --- [spring-mybatis] [           main] p.s.SpringMybatisApplication             : No active profile set, falling back to 1 default profile: "default"
2025-08-02T10:15:52.032+09:00 DEBUG 41783 --- [spring-mybatis] [           main] org.apache.ibatis.logging.LogFactory     : Logging initialized using 'class org.apache.ibatis.logging.slf4j.Slf4jImpl' adapter.
2025-08-02T10:15:52.033+09:00 DEBUG 41783 --- [spring-mybatis] [           main] o.m.s.mapper.ClassPathMapperScanner      : Identified candidate component class: file [/Users/hyundoopark/Documents/dev/spring-mybatis/build/classes/java/main/project/springmybatis/mapper/UserMapper.class]
2025-08-02T10:15:52.033+09:00 DEBUG 41783 --- [spring-mybatis] [           main] o.m.s.mapper.ClassPathMapperScanner      : Creating MapperFactoryBean with name 'userMapper' and 'project.springmybatis.mapper.UserMapper' mapperInterface
2025-08-02T10:15:52.034+09:00 DEBUG 41783 --- [spring-mybatis] [           main] o.m.s.mapper.ClassPathMapperScanner      : Enabling autowire by type for MapperFactoryBean with name 'userMapper'.
2025-08-02T10:15:52.182+09:00  INFO 41783 --- [spring-mybatis] [           main] o.s.b.w.embedded.tomcat.TomcatWebServer  : Tomcat initialized with port 8080 (http)
2025-08-02T10:15:52.191+09:00  INFO 41783 --- [spring-mybatis] [           main] o.apache.catalina.core.StandardService   : Starting service [Tomcat]
2025-08-02T10:15:52.191+09:00  INFO 41783 --- [spring-mybatis] [           main] o.apache.catalina.core.StandardEngine    : Starting Servlet engine: [Apache Tomcat/10.1.43]
2025-08-02T10:15:52.215+09:00  INFO 41783 --- [spring-mybatis] [           main] o.a.c.c.C.[Tomcat].[localhost].[/]       : Initializing Spring embedded WebApplicationContext
2025-08-02T10:15:52.215+09:00  INFO 41783 --- [spring-mybatis] [           main] w.s.c.ServletWebServerApplicationContext : Root WebApplicationContext: initialization completed in 434 ms
2025-08-02T10:15:52.358+09:00 DEBUG 41783 --- [spring-mybatis] [           main] o.mybatis.spring.SqlSessionFactoryBean   : Parsed mapper file: 'file [/Users/hyundoopark/Documents/dev/spring-mybatis/build/resources/main/mapper/UserMapper.xml]'
2025-08-02T10:15:52.566+09:00  INFO 41783 --- [spring-mybatis] [           main] o.s.b.w.embedded.tomcat.TomcatWebServer  : Tomcat started on port 8080 (http) with context path '/'
2025-08-02T10:15:52.571+09:00  INFO 41783 --- [spring-mybatis] [           main] p.s.SpringMybatisApplication             : Started SpringMybatisApplication in 1.016 seconds (process running for 1.165)
2025-08-02T10:16:04.137+09:00  INFO 41783 --- [spring-mybatis] [nio-8080-exec-1] o.a.c.c.C.[Tomcat].[localhost].[/]       : Initializing Spring DispatcherServlet 'dispatcherServlet'
2025-08-02T10:16:04.138+09:00  INFO 41783 --- [spring-mybatis] [nio-8080-exec-1] o.s.web.servlet.DispatcherServlet        : Initializing Servlet 'dispatcherServlet'
2025-08-02T10:16:04.138+09:00  INFO 41783 --- [spring-mybatis] [nio-8080-exec-1] o.s.web.servlet.DispatcherServlet        : Completed initialization in 0 ms
2025-08-02T10:16:04.157+09:00  INFO 41783 --- [spring-mybatis] [nio-8080-exec-1] com.zaxxer.hikari.HikariDataSource       : HikariPool-1 - Starting...
2025-08-02T10:16:38.684+09:00  INFO 41783 --- [spring-mybatis] [nio-8080-exec-2] com.zaxxer.hikari.HikariDataSource       : HikariPool-1 - Starting...

> Task :bootRun FAILED

FAILURE: Build failed with an exception.

* What went wrong:
Execution failed for task ':bootRun'.
> Process 'command '/Users/hyundoopark/Library/Java/JavaVirtualMachines/corretto-24.0.1/Contents/Home/bin/java'' finished with non-zero exit value 137

* Try:
> Run with --stacktrace option to get the stack trace.
> Run with --info or --debug option to get more log output.
> Run with --scan to get full insights.
> Get more help at https://help.gradle.org.

BUILD FAILED in 35m 46s
4 actionable tasks: 1 executed, 3 up-to-date
